<?xml version="1.0" encoding="UTF-8"?>
<testsuite xmlns:xsi="http://www.w3.org/2001/XMLSchema-instance" xsi:noNamespaceSchemaLocation="https://maven.apache.org/surefire/maven-surefire-plugin/xsd/surefire-test-report-3.0.xsd" version="3.0" name="com.project.pdf.with.rabbitmq.PdfWithRabbitmqApplicationTests" time="2.158" tests="1" errors="0" skipped="0" failures="0">
  <properties>
[...]
</properties>
  <testcase name="contextLoads" classname="com.project.pdf.with.rabbitmq.PdfWithRabbitmqApplicationTests" time="0.556">
    <system-out><![CDATA[10:27:13.737 [main] INFO org.springframework.test.context.support.AnnotationConfigContextLoaderUtils -- Could not detect default configuration classes for test class [com.project.pdf.with.rabbitmq.PdfWithRabbitmqApplicationTests]: PdfWithRabbitmqApplicationTests does not declare any static, non-private, non-final, nested classes annotated with @Configuration.
10:27:13.804 [main] INFO org.springframework.boot.test.context.SpringBootTestContextBootstrapper -- Found @SpringBootConfiguration com.project.pdf.with.rabbitmq.PdfWithRabbitmqApplication for test class com.project.pdf.with.rabbitmq.PdfWithRabbitmqApplicationTests
10:27:13.904 [main] INFO org.springframework.boot.devtools.restart.RestartApplicationListener -- Restart disabled due to context in which it is running

  .   ____          _            __ _ _
 /\\ / ___'_ __ _ _(_)_ __  __ _ \ \ \ \
( ( )\___ | '_ | '_| | '_ \/ _` | \ \ \ \
 \\/  ___)| |_)| | | | | || (_| |  ) ) ) )
  '  |____| .__|_| |_|_| |_\__, | / / / /
 =========|_|==============|___/=/_/_/_/

 :: Spring Boot ::                (v3.3.5)

2024-11-20T10:27:14.076-03:00  INFO 631302 --- [pdf-with-rabbitmq] [           main] .p.p.w.r.PdfWithRabbitmqApplicationTests : Starting PdfWithRabbitmqApplicationTests using Java 17.0.13 with PID 631302 (started by flavio in /home/flavio/Projetos/Hinova Project/pdf-with-rabbitmq/produtor-fila-mensagem-e-api)
2024-11-20T10:27:14.077-03:00  INFO 631302 --- [pdf-with-rabbitmq] [           main] .p.p.w.r.PdfWithRabbitmqApplicationTests : No active profile set, falling back to 1 default profile: "default"
2024-11-20T10:27:14.805-03:00  INFO 631302 --- [pdf-with-rabbitmq] [           main] o.s.a.r.c.CachingConnectionFactory       : Attempting to connect to: [localhost:5672]
2024-11-20T10:27:14.843-03:00  INFO 631302 --- [pdf-with-rabbitmq] [           main] o.s.a.r.c.CachingConnectionFactory       : Created new connection: rabbitConnectionFactory#106d77da:0/SimpleConnection@3902bd2c [delegate=amqp://admin@127.0.0.1:5672/, localPort=35978]
2024-11-20T10:27:15.208-03:00  INFO 631302 --- [pdf-with-rabbitmq] [           main] .p.p.w.r.PdfWithRabbitmqApplicationTests : Started PdfWithRabbitmqApplicationTests in 1.316 seconds (process running for 1.956)
]]></system-out>
  </testcase>
</testsuite>